0 info it worked if it ends with ok
1 verbose cli [ '/usr/local/bin/iojs', '/usr/local/bin/npm', 'publish' ]
2 info using npm@2.14.3
3 info using node@v4.1.0
4 verbose publish [ '.' ]
5 silly cache add args [ '.', null ]
6 verbose cache add spec .
7 silly cache add parsed spec Result {
7 silly cache add   raw: '.',
7 silly cache add   scope: null,
7 silly cache add   name: null,
7 silly cache add   rawSpec: '.',
7 silly cache add   spec: '/Users/tuananh/goquo_src/xpath-object-transform',
7 silly cache add   type: 'directory' }
8 verbose addLocalDirectory /Users/tuananh/.npm/xpath-object-transform/0.1.0/package.tgz not in flight; packing
9 verbose tar pack [ '/Users/tuananh/.npm/xpath-object-transform/0.1.0/package.tgz',
9 verbose tar pack   '/Users/tuananh/goquo_src/xpath-object-transform' ]
10 verbose tarball /Users/tuananh/.npm/xpath-object-transform/0.1.0/package.tgz
11 verbose folder /Users/tuananh/goquo_src/xpath-object-transform
12 info prepublish xpath-object-transform@0.1.0
13 verbose addLocalTarball adding from inside cache /Users/tuananh/.npm/xpath-object-transform/0.1.0/package.tgz
14 silly cache afterAdd xpath-object-transform@0.1.0
15 verbose afterAdd /Users/tuananh/.npm/xpath-object-transform/0.1.0/package/package.json not in flight; writing
16 verbose afterAdd /Users/tuananh/.npm/xpath-object-transform/0.1.0/package/package.json written
17 silly publish { name: 'xpath-object-transform',
17 silly publish   version: '0.1.0',
17 silly publish   description: 'Transform an object literal using xpath.',
17 silly publish   homepage: 'https://github.com/tuananh/xpath-object-transform',
17 silly publish   bugs: { url: 'https://github.com/tuananh/xpath-object-transform/issues' },
17 silly publish   main: 'index.js',
17 silly publish   scripts: { test: 'echo "Error: no test specified" && exit 1' },
17 silly publish   repository:
17 silly publish    { type: 'git',
17 silly publish      url: 'git+https://github.com/tuananh/xpath-object-transform.git' },
17 silly publish   keywords:
17 silly publish    [ 'xpath',
17 silly publish      'json',
17 silly publish      'path',
17 silly publish      'object',
17 silly publish      'translate',
17 silly publish      'format',
17 silly publish      'transform',
17 silly publish      'remap',
17 silly publish      'map' ],
17 silly publish   author: { name: 'Tuan Anh Tran', email: 'me@tuananh.org' },
17 silly publish   license: 'MIT',
17 silly publish   dependencies: { libxmljs: '^0.14.3' },
17 silly publish   devDependencies: { bower: '^1.3.1' },
17 silly publish   readme: 'xpath-object-transform\n======\n\nA npm module to convert xml document to json based on a JSON template.\n\nProject in flux, not stable. Nothing is guaranteed.\n\nI wrote this for a project at work and I had to customize `xpath` syntax a bit to suit with my need. Will eventually update README at some point.\n\nAny problem, suggestion, you can hit me at me@tuananh.org or open an issue on GitLab.\n\nUsage\n-----\n\nSee `example/*.js`\n\nTODO\n-----\n\n* Update documentation\n* Add test unit\n* Add more examples\n',
17 silly publish   readmeFilename: 'README.md',
17 silly publish   gitHead: 'bc245a13f05301647e5f062422a1997bb3c45ad9',
17 silly publish   _id: 'xpath-object-transform@0.1.0',
17 silly publish   _shasum: '1a26a35c3876169bb96f1bb59b3d17027259b335',
17 silly publish   _from: '.' }
18 verbose getPublishConfig undefined
19 silly mapToRegistry name xpath-object-transform
20 silly mapToRegistry using default registry
21 silly mapToRegistry registry https://registry.npmjs.org/
22 silly mapToRegistry uri https://registry.npmjs.org/xpath-object-transform
23 verbose publish registryBase https://registry.npmjs.org/
24 silly publish uploading /Users/tuananh/.npm/xpath-object-transform/0.1.0/package.tgz
25 verbose request uri https://registry.npmjs.org/xpath-object-transform
26 verbose request sending authorization for write operation
27 info attempt registry request try #1 at 8:54:04 AM
28 verbose request using bearer token for auth
29 verbose request id 0f3e71029c620892
30 http request PUT https://registry.npmjs.org/xpath-object-transform
31 http 403 https://registry.npmjs.org/xpath-object-transform
32 verbose headers { 'content-type': 'application/json',
32 verbose headers   'cache-control': 'max-age=60',
32 verbose headers   'content-length': '95',
32 verbose headers   'accept-ranges': 'bytes',
32 verbose headers   date: 'Sat, 19 Sep 2015 01:54:07 GMT',
32 verbose headers   via: '1.1 varnish',
32 verbose headers   connection: 'keep-alive',
32 verbose headers   'x-served-by': 'cache-hkg6820-HKG',
32 verbose headers   'x-cache': 'MISS',
32 verbose headers   'x-cache-hits': '0',
32 verbose headers   'x-timer': 'S1442627646.440109,VS0,VE1270' }
33 verbose request invalidating /Users/tuananh/.npm/registry.npmjs.org/xpath-object-transform on PUT
34 error publish Failed PUT 403
35 verbose stack Error: "You cannot publish over the previously published version 0.1.0." : xpath-object-transform
35 verbose stack     at makeError (/usr/local/lib/node_modules/npm/node_modules/npm-registry-client/lib/request.js:263:12)
35 verbose stack     at CachingRegistryClient.<anonymous> (/usr/local/lib/node_modules/npm/node_modules/npm-registry-client/lib/request.js:251:14)
35 verbose stack     at Request._callback (/usr/local/lib/node_modules/npm/node_modules/npm-registry-client/lib/request.js:171:14)
35 verbose stack     at Request.self.callback (/usr/local/lib/node_modules/npm/node_modules/request/request.js:198:22)
35 verbose stack     at emitTwo (events.js:87:13)
35 verbose stack     at Request.emit (events.js:172:7)
35 verbose stack     at Request.<anonymous> (/usr/local/lib/node_modules/npm/node_modules/request/request.js:1073:14)
35 verbose stack     at emitOne (events.js:82:20)
35 verbose stack     at Request.emit (events.js:169:7)
35 verbose stack     at IncomingMessage.<anonymous> (/usr/local/lib/node_modules/npm/node_modules/request/request.js:1019:12)
36 verbose statusCode 403
37 verbose pkgid xpath-object-transform
38 verbose cwd /Users/tuananh/goquo_src/xpath-object-transform
39 error Darwin 15.0.0
40 error argv "/usr/local/bin/iojs" "/usr/local/bin/npm" "publish"
41 error node v4.1.0
42 error npm  v2.14.3
43 error code E403
44 error "You cannot publish over the previously published version 0.1.0." : xpath-object-transform
45 error If you need help, you may report this error at:
45 error     <https://github.com/npm/npm/issues>
46 verbose exit [ 1, true ]
